  client.cpp
C:\Users\user\dev\vcpkg\installed\x64-windows\include\google/protobuf/stubs/status.h(97,15): warning C4251: 'google::protobuf::util::status_internal::Status::error_message_': class 'std::basic_string<char,std::char_traits<char>,std::allocator<char>>' needs to have dll-interface to be used by clients of class 'google::protobuf::util::status_internal::Status'
C:\Program Files (x86)\Microsoft Visual Studio\2019\Community\VC\Tools\MSVC\14.29.30133\include\xstring(4905): message : see declaration of 'std::basic_string<char,std::char_traits<char>,std::allocator<char>>'
C:\Users\user\dev\vcpkg\installed\x64-windows\include\google/protobuf/stubs/logging.h(100,15): warning C4251: 'google::protobuf::internal::LogMessage::message_': class 'std::basic_string<char,std::char_traits<char>,std::allocator<char>>' needs to have dll-interface to be used by clients of class 'google::protobuf::internal::LogMessage'
C:\Program Files (x86)\Microsoft Visual Studio\2019\Community\VC\Tools\MSVC\14.29.30133\include\xstring(4905): message : see declaration of 'std::basic_string<char,std::char_traits<char>,std::allocator<char>>'
C:\Users\user\dev\vcpkg\installed\x64-windows\include\google/protobuf/io/coded_stream.h(1261,28): warning C4251: 'google::protobuf::io::CodedOutputStream::default_serialization_deterministic_': struct 'std::atomic<bool>' needs to have dll-interface to be used by clients of class 'google::protobuf::io::CodedOutputStream'
C:\Program Files (x86)\Microsoft Visual Studio\2019\Community\VC\Tools\MSVC\14.29.30133\include\atomic(2859): message : see declaration of 'std::atomic<bool>'
C:\Users\user\dev\vcpkg\installed\x64-windows\include\google/protobuf/arena_impl.h(234,23): warning C4251: 'google::protobuf::internal::SerialArena::space_allocated_': struct 'std::atomic<unsigned __int64>' needs to have dll-interface to be used by clients of class 'google::protobuf::internal::SerialArena'
C:\Program Files (x86)\Microsoft Visual Studio\2019\Community\VC\Tools\MSVC\14.29.30133\include\atomic(2871): message : see declaration of 'std::atomic<unsigned __int64>'
C:\Users\user\dev\vcpkg\installed\x64-windows\include\google/protobuf/arena_impl.h(334,29): warning C4251: 'google::protobuf::internal::ThreadSafeArena::threads_': struct 'std::atomic<google::protobuf::internal::SerialArena *>' needs to have dll-interface to be used by clients of class 'google::protobuf::internal::ThreadSafeArena'
C:\Users\user\dev\vcpkg\installed\x64-windows\include\google/protobuf/arena_impl.h(334): message : see declaration of 'std::atomic<google::protobuf::internal::SerialArena *>'
C:\Users\user\dev\vcpkg\installed\x64-windows\include\google/protobuf/arena_impl.h(335,29): warning C4251: 'google::protobuf::internal::ThreadSafeArena::hint_': struct 'std::atomic<google::protobuf::internal::SerialArena *>' needs to have dll-interface to be used by clients of class 'google::protobuf::internal::ThreadSafeArena'
C:\Users\user\dev\vcpkg\installed\x64-windows\include\google/protobuf/arena_impl.h(334): message : see declaration of 'std::atomic<google::protobuf::internal::SerialArena *>'
C:\Users\user\dev\vcpkg\installed\x64-windows\include\google/protobuf/arenastring.h(77,43): warning C4251: 'google::protobuf::internal::LazyString::inited_': struct 'std::atomic<const std::string *>' needs to have dll-interface to be used by clients of class 'google::protobuf::internal::LazyString'
C:\Users\user\dev\vcpkg\installed\x64-windows\include\google/protobuf/arenastring.h(77): message : see declaration of 'std::atomic<const std::string *>'
C:\Users\user\dev\vcpkg\installed\x64-windows\include\google/protobuf/arenastring.h(323,26): warning C4251: 'google::protobuf::internal::ArenaStringPtr::tagged_ptr_': class 'google::protobuf::internal::TaggedPtr<std::string>' needs to have dll-interface to be used by clients of struct 'google::protobuf::internal::ArenaStringPtr'
C:\Users\user\dev\vcpkg\installed\x64-windows\include\google/protobuf/arenastring.h(118): message : see declaration of 'google::protobuf::internal::TaggedPtr<std::string>'
C:\Users\user\dev\vcpkg\installed\x64-windows\include\google/protobuf/metadata_lite.h(261,15): warning C4251: 'google::protobuf::internal::LiteUnknownFieldSetter::buffer_': class 'std::basic_string<char,std::char_traits<char>,std::allocator<char>>' needs to have dll-interface to be used by clients of class 'google::protobuf::internal::LiteUnknownFieldSetter'
C:\Program Files (x86)\Microsoft Visual Studio\2019\Community\VC\Tools\MSVC\14.29.30133\include\xstring(4905): message : see declaration of 'std::basic_string<char,std::char_traits<char>,std::allocator<char>>'
C:\Users\user\dev\vcpkg\installed\x64-windows\include\google/protobuf/message_lite.h(492,30): warning C4251: 'google::protobuf::MessageLite::_internal_metadata_': class 'google::protobuf::internal::InternalMetadata' needs to have dll-interface to be used by clients of class 'google::protobuf::MessageLite'
C:\Users\user\dev\vcpkg\installed\x64-windows\include\google/protobuf/metadata_lite.h(62): message : see declaration of 'google::protobuf::internal::InternalMetadata'
C:\Users\user\dev\vcpkg\installed\x64-windows\include\google/protobuf/implicit_weak_message.h(94,15): warning C4251: 'google::protobuf::internal::ImplicitWeakMessage::data_': class 'std::basic_string<char,std::char_traits<char>,std::allocator<char>>' needs to have dll-interface to be used by clients of class 'google::protobuf::internal::ImplicitWeakMessage'
C:\Program Files (x86)\Microsoft Visual Studio\2019\Community\VC\Tools\MSVC\14.29.30133\include\xstring(4905): message : see declaration of 'std::basic_string<char,std::char_traits<char>,std::allocator<char>>'
C:\Users\user\dev\vcpkg\installed\x64-windows\include\google/protobuf/generated_message_util.h(193,20): warning C4251: 'google::protobuf::internal::CachedSize::size_': struct 'std::atomic<int>' needs to have dll-interface to be used by clients of class 'google::protobuf::internal::CachedSize'
C:\Program Files (x86)\Microsoft Visual Studio\2019\Community\VC\Tools\MSVC\14.29.30133\include\atomic(2866): message : see declaration of 'std::atomic<int>'
C:\Users\user\dev\vcpkg\installed\x64-windows\include\google/protobuf/stubs/mutex.h(136,40): warning C4251: 'google::protobuf::internal::WrappedMutex::mu_': class 'google::protobuf::internal::CallOnceInitializedMutex<std::mutex>' needs to have dll-interface to be used by clients of class 'google::protobuf::internal::WrappedMutex'
C:\Users\user\dev\vcpkg\installed\x64-windows\include\google/protobuf/stubs/mutex.h(136): message : see declaration of 'google::protobuf::internal::CallOnceInitializedMutex<std::mutex>'
C:\Users\user\dev\vcpkg\installed\x64-windows\include\google/protobuf/descriptor.h(190,23): warning C4251: 'google::protobuf::internal::LazyInitData::once': struct 'std::once_flag' needs to have dll-interface to be used by clients of struct 'google::protobuf::internal::LazyInitData'
C:\Program Files (x86)\Microsoft Visual Studio\2019\Community\VC\Tools\MSVC\14.29.30133\include\xcall_once.h(21): message : see declaration of 'std::once_flag'
C:\Users\user\dev\vcpkg\installed\x64-windows\include\google/protobuf/descriptor.h(2027,27): warning C4251: 'google::protobuf::DescriptorPool::tables_': class 'std::unique_ptr<google::protobuf::DescriptorPool::Tables,std::default_delete<google::protobuf::DescriptorPool::Tables>>' needs to have dll-interface to be used by clients of class 'google::protobuf::DescriptorPool'
C:\Users\user\dev\vcpkg\installed\x64-windows\include\google/protobuf/descriptor.h(2027): message : see declaration of 'std::unique_ptr<google::protobuf::DescriptorPool::Tables,std::default_delete<google::protobuf::DescriptorPool::Tables>>'
C:\Users\user\dev\vcpkg\installed\x64-windows\include\google/protobuf/descriptor.h(2037,31): warning C4251: 'google::protobuf::DescriptorPool::unused_import_track_files_': class 'std::map<std::string,bool,std::less<std::string>,std::allocator<std::pair<const std::string,bool>>>' needs to have dll-interface to be used by clients of class 'google::protobuf::DescriptorPool'
C:\Users\user\dev\vcpkg\installed\x64-windows\include\google/protobuf/descriptor.h(2037): message : see declaration of 'std::map<std::string,bool,std::less<std::string>,std::allocator<std::pair<const std::string,bool>>>'
C:\Users\user\dev\vcpkg\installed\x64-windows\include\google/protobuf/io/zero_copy_stream_impl_lite.h(243,30): warning C4251: 'google::protobuf::io::CopyingInputStreamAdaptor::buffer_': class 'std::unique_ptr<uint8_t [],std::default_delete<uint8_t []>>' needs to have dll-interface to be used by clients of class 'google::protobuf::io::CopyingInputStreamAdaptor'
C:\Users\user\dev\vcpkg\installed\x64-windows\include\google/protobuf/io/zero_copy_stream_impl_lite.h(243): message : see declaration of 'std::unique_ptr<uint8_t [],std::default_delete<uint8_t []>>'
C:\Users\user\dev\vcpkg\installed\x64-windows\include\google/protobuf/io/zero_copy_stream_impl_lite.h(334,30): warning C4251: 'google::protobuf::io::CopyingOutputStreamAdaptor::buffer_': class 'std::unique_ptr<uint8_t [],std::default_delete<uint8_t []>>' needs to have dll-interface to be used by clients of class 'google::protobuf::io::CopyingOutputStreamAdaptor'
C:\Users\user\dev\vcpkg\installed\x64-windows\include\google/protobuf/io/zero_copy_stream_impl_lite.h(243): message : see declaration of 'std::unique_ptr<uint8_t [],std::default_delete<uint8_t []>>'
C:\Users\user\dev\vcpkg\installed\x64-windows\include\google/protobuf/unknown_field_set.h(206,29): warning C4251: 'google::protobuf::UnknownFieldSet::fields_': class 'std::vector<google::protobuf::UnknownField,std::allocator<google::protobuf::UnknownField>>' needs to have dll-interface to be used by clients of class 'google::protobuf::UnknownFieldSet'
C:\Users\user\dev\vcpkg\installed\x64-windows\include\google/protobuf/unknown_field_set.h(206): message : see declaration of 'std::vector<google::protobuf::UnknownField,std::allocator<google::protobuf::UnknownField>>'
C:\Users\user\dev\vcpkg\installed\x64-windows\include\google/protobuf/extension_set.h(1058,26): warning C4251: 'google::protobuf::internal::RepeatedPrimitiveDefaults::default_repeated_field_int32_t_': class 'google::protobuf::RepeatedField<int32_t>' needs to have dll-interface to be used by clients of class 'google::protobuf::internal::RepeatedPrimitiveDefaults'
C:\Users\user\dev\vcpkg\installed\x64-windows\include\google/protobuf/repeated_field.h(2936): message : see declaration of 'google::protobuf::RepeatedField<int32_t>'
C:\Users\user\dev\vcpkg\installed\x64-windows\include\google/protobuf/extension_set.h(1059,26): warning C4251: 'google::protobuf::internal::RepeatedPrimitiveDefaults::default_repeated_field_int64_t_': class 'google::protobuf::RepeatedField<int64_t>' needs to have dll-interface to be used by clients of class 'google::protobuf::internal::RepeatedPrimitiveDefaults'
C:\Users\user\dev\vcpkg\installed\x64-windows\include\google/protobuf/repeated_field.h(2938): message : see declaration of 'google::protobuf::RepeatedField<int64_t>'
C:\Users\user\dev\vcpkg\installed\x64-windows\include\google/protobuf/extension_set.h(1060,27): warning C4251: 'google::protobuf::internal::RepeatedPrimitiveDefaults::default_repeated_field_uint32_t_': class 'google::protobuf::RepeatedField<uint32_t>' needs to have dll-interface to be used by clients of class 'google::protobuf::internal::RepeatedPrimitiveDefaults'
C:\Users\user\dev\vcpkg\installed\x64-windows\include\google/protobuf/repeated_field.h(2937): message : see declaration of 'google::protobuf::RepeatedField<uint32_t>'
C:\Users\user\dev\vcpkg\installed\x64-windows\include\google/protobuf/extension_set.h(1061,27): warning C4251: 'google::protobuf::internal::RepeatedPrimitiveDefaults::default_repeated_field_uint64_t_': class 'google::protobuf::RepeatedField<uint64_t>' needs to have dll-interface to be used by clients of class 'google::protobuf::internal::RepeatedPrimitiveDefaults'
C:\Users\user\dev\vcpkg\installed\x64-windows\include\google/protobuf/repeated_field.h(2939): message : see declaration of 'google::protobuf::RepeatedField<uint64_t>'
C:\Users\user\dev\vcpkg\installed\x64-windows\include\google/protobuf/extension_set.h(1062,25): warning C4251: 'google::protobuf::internal::RepeatedPrimitiveDefaults::default_repeated_field_double_': class 'google::protobuf::RepeatedField<double>' needs to have dll-interface to be used by clients of class 'google::protobuf::internal::RepeatedPrimitiveDefaults'
C:\Users\user\dev\vcpkg\installed\x64-windows\include\google/protobuf/repeated_field.h(2941): message : see declaration of 'google::protobuf::RepeatedField<double>'
C:\Users\user\dev\vcpkg\installed\x64-windows\include\google/protobuf/extension_set.h(1063,24): warning C4251: 'google::protobuf::internal::RepeatedPrimitiveDefaults::default_repeated_field_float_': class 'google::protobuf::RepeatedField<float>' needs to have dll-interface to be used by clients of class 'google::protobuf::internal::RepeatedPrimitiveDefaults'
C:\Users\user\dev\vcpkg\installed\x64-windows\include\google/protobuf/repeated_field.h(2940): message : see declaration of 'google::protobuf::RepeatedField<float>'
C:\Users\user\dev\vcpkg\installed\x64-windows\include\google/protobuf/extension_set.h(1064,23): warning C4251: 'google::protobuf::internal::RepeatedPrimitiveDefaults::default_repeated_field_bool_': class 'google::protobuf::RepeatedField<bool>' needs to have dll-interface to be used by clients of class 'google::protobuf::internal::RepeatedPrimitiveDefaults'
C:\Users\user\dev\vcpkg\installed\x64-windows\include\google/protobuf/repeated_field.h(2935): message : see declaration of 'google::protobuf::RepeatedField<bool>'
C:\Users\user\dev\vcpkg\installed\x64-windows\include\google/protobuf/descriptor.pb.h(48,76): warning C4251: 'TableStruct_google_2fprotobuf_2fdescriptor_2eproto::aux': union 'google::protobuf::internal::AuxiliaryParseTableField' needs to have dll-interface to be used by clients of struct 'TableStruct_google_2fprotobuf_2fdescriptor_2eproto'
C:\Users\user\dev\vcpkg\installed\x64-windows\include\google/protobuf/generated_message_table_driven.h(141): message : see declaration of 'google::protobuf::internal::AuxiliaryParseTableField'
C:\Users\user\dev\vcpkg\installed\x64-windows\include\google/protobuf/descriptor.pb.h(485,93): warning C4251: 'google::protobuf::FileDescriptorSet::file_': class 'google::protobuf::RepeatedPtrField<google::protobuf::FileDescriptorProto>' needs to have dll-interface to be used by clients of class 'google::protobuf::FileDescriptorSet'
C:\Users\user\dev\vcpkg\installed\x64-windows\include\google/protobuf/descriptor.pb.h(467): message : see declaration of 'google::protobuf::RepeatedPtrField<google::protobuf::FileDescriptorProto>'
C:\Users\user\dev\vcpkg\installed\x64-windows\include\google/protobuf/descriptor.pb.h(867,49): warning C4251: 'google::protobuf::FileDescriptorProto::_has_bits_': class 'google::protobuf::internal::HasBits<1>' needs to have dll-interface to be used by clients of class 'google::protobuf::FileDescriptorProto'
C:\Users\user\dev\vcpkg\installed\x64-windows\include\google/protobuf/has_bits.h(83): message : see declaration of 'google::protobuf::internal::HasBits<1>'
C:\Users\user\dev\vcpkg\installed\x64-windows\include\google/protobuf/descriptor.pb.h(869,58): warning C4251: 'google::protobuf::FileDescriptorProto::dependency_': class 'google::protobuf::RepeatedPtrField<std::string>' needs to have dll-interface to be used by clients of class 'google::protobuf::FileDescriptorProto'
C:\Users\user\dev\vcpkg\installed\x64-windows\include\google/protobuf/repeated_field.h(2140): message : see declaration of 'google::protobuf::RepeatedPtrField<std::string>'
C:\Users\user\dev\vcpkg\installed\x64-windows\include\google/protobuf/descriptor.pb.h(870,89): warning C4251: 'google::protobuf::FileDescriptorProto::message_type_': class 'google::protobuf::RepeatedPtrField<google::protobuf::DescriptorProto>' needs to have dll-interface to be used by clients of class 'google::protobuf::FileDescriptorProto'
C:\Users\user\dev\vcpkg\installed\x64-windows\include\google/protobuf/descriptor.pb.h(661): message : see declaration of 'google::protobuf::RepeatedPtrField<google::protobuf::DescriptorProto>'
C:\Users\user\dev\vcpkg\installed\x64-windows\include\google/protobuf/descriptor.pb.h(871,93): warning C4251: 'google::protobuf::FileDescriptorProto::enum_type_': class 'google::protobuf::RepeatedPtrField<google::protobuf::EnumDescriptorProto>' needs to have dll-interface to be used by clients of class 'google::protobuf::FileDescriptorProto'
C:\Users\user\dev\vcpkg\installed\x64-windows\include\google/protobuf/descriptor.pb.h(679): message : see declaration of 'google::protobuf::RepeatedPtrField<google::protobuf::EnumDescriptorProto>'
C:\Users\user\dev\vcpkg\installed\x64-windows\include\google/protobuf/descriptor.pb.h(872,96): warning C4251: 'google::protobuf::FileDescriptorProto::service_': class 'google::protobuf::RepeatedPtrField<google::protobuf::ServiceDescriptorProto>' needs to have dll-interface to be used by clients of class 'google::protobuf::FileDescriptorProto'
C:\Users\user\dev\vcpkg\installed\x64-windows\include\google/protobuf/descriptor.pb.h(697): message : see declaration of 'google::protobuf::RepeatedPtrField<google::protobuf::ServiceDescriptorProto>'
C:\Users\user\dev\vcpkg\installed\x64-windows\include\google/protobuf/descriptor.pb.h(873,94): warning C4251: 'google::protobuf::FileDescriptorProto::extension_': class 'google::protobuf::RepeatedPtrField<google::protobuf::FieldDescriptorProto>' needs to have dll-interface to be used by clients of class 'google::protobuf::FileDescriptorProto'
C:\Users\user\dev\vcpkg\installed\x64-windows\include\google/protobuf/descriptor.pb.h(715): message : see declaration of 'google::protobuf::RepeatedPtrField<google::protobuf::FieldDescriptorProto>'
C:\Users\user\dev\vcpkg\installed\x64-windows\include\google/protobuf/descriptor.pb.h(874,76): warning C4251: 'google::protobuf::FileDescriptorProto::public_dependency_': class 'google::protobuf::RepeatedField<int32_t>' needs to have dll-interface to be used by clients of class 'google::protobuf::FileDescriptorProto'
C:\Users\user\dev\vcpkg\installed\x64-windows\include\google/protobuf/repeated_field.h(2936): message : see declaration of 'google::protobuf::RepeatedField<int32_t>'
C:\Users\user\dev\vcpkg\installed\x64-windows\include\google/protobuf/descriptor.pb.h(875,76): warning C4251: 'google::protobuf::FileDescriptorProto::weak_dependency_': class 'google::protobuf::RepeatedField<int32_t>' needs to have dll-interface to be used by clients of class 'google::protobuf::FileDescriptorProto'
C:\Users\user\dev\vcpkg\installed\x64-windows\include\google/protobuf/repeated_field.h(2936): message : see declaration of 'google::protobuf::RepeatedField<int32_t>'
C:\Users\user\dev\vcpkg\installed\x64-windows\include\google/protobuf/descriptor.pb.h(1066,49): warning C4251: 'google::protobuf::DescriptorProto_ExtensionRange::_has_bits_': class 'google::protobuf::internal::HasBits<1>' needs to have dll-interface to be used by clients of class 'google::protobuf::DescriptorProto_ExtensionRange'
C:\Users\user\dev\vcpkg\installed\x64-windows\include\google/protobuf/has_bits.h(83): message : see declaration of 'google::protobuf::internal::HasBits<1>'
C:\Users\user\dev\vcpkg\installed\x64-windows\include\google/protobuf/descriptor.pb.h(1237,49): warning C4251: 'google::protobuf::DescriptorProto_ReservedRange::_has_bits_': class 'google::protobuf::internal::HasBits<1>' needs to have dll-interface to be used by clients of class 'google::protobuf::DescriptorProto_ReservedRange'
C:\Users\user\dev\vcpkg\installed\x64-windows\include\google/protobuf/has_bits.h(83): message : see declaration of 'google::protobuf::internal::HasBits<1>'
C:\Users\user\dev\vcpkg\installed\x64-windows\include\google/protobuf/descriptor.pb.h(1578,49): warning C4251: 'google::protobuf::DescriptorProto::_has_bits_': class 'google::protobuf::internal::HasBits<1>' needs to have dll-interface to be used by clients of class 'google::protobuf::DescriptorProto'
C:\Users\user\dev\vcpkg\installed\x64-windows\include\google/protobuf/has_bits.h(83): message : see declaration of 'google::protobuf::internal::HasBits<1>'
C:\Users\user\dev\vcpkg\installed\x64-windows\include\google/protobuf/descriptor.pb.h(1580,94): warning C4251: 'google::protobuf::DescriptorProto::field_': class 'google::protobuf::RepeatedPtrField<google::protobuf::FieldDescriptorProto>' needs to have dll-interface to be used by clients of class 'google::protobuf::DescriptorProto'
C:\Users\user\dev\vcpkg\installed\x64-windows\include\google/protobuf/descriptor.pb.h(715): message : see declaration of 'google::protobuf::RepeatedPtrField<google::protobuf::FieldDescriptorProto>'
C:\Users\user\dev\vcpkg\installed\x64-windows\include\google/protobuf/descriptor.pb.h(1581,89): warning C4251: 'google::protobuf::DescriptorProto::nested_type_': class 'google::protobuf::RepeatedPtrField<google::protobuf::DescriptorProto>' needs to have dll-interface to be used by clients of class 'google::protobuf::DescriptorProto'
C:\Users\user\dev\vcpkg\installed\x64-windows\include\google/protobuf/descriptor.pb.h(661): message : see declaration of 'google::protobuf::RepeatedPtrField<google::protobuf::DescriptorProto>'
C:\Users\user\dev\vcpkg\installed\x64-windows\include\google/protobuf/descriptor.pb.h(1582,93): warning C4251: 'google::protobuf::DescriptorProto::enum_type_': class 'google::protobuf::RepeatedPtrField<google::protobuf::EnumDescriptorProto>' needs to have dll-interface to be used by clients of class 'google::protobuf::DescriptorProto'
C:\Users\user\dev\vcpkg\installed\x64-windows\include\google/protobuf/descriptor.pb.h(679): message : see declaration of 'google::protobuf::RepeatedPtrField<google::protobuf::EnumDescriptorProto>'
C:\Users\user\dev\vcpkg\installed\x64-windows\include\google/protobuf/descriptor.pb.h(1583,104): warning C4251: 'google::protobuf::DescriptorProto::extension_range_': class 'google::protobuf::RepeatedPtrField<google::protobuf::DescriptorProto_ExtensionRange>' needs to have dll-interface to be used by clients of class 'google::protobuf::DescriptorProto'
C:\Users\user\dev\vcpkg\installed\x64-windows\include\google/protobuf/descriptor.pb.h(1446): message : see declaration of 'google::protobuf::RepeatedPtrField<google::protobuf::DescriptorProto_ExtensionRange>'
C:\Users\user\dev\vcpkg\installed\x64-windows\include\google/protobuf/descriptor.pb.h(1584,94): warning C4251: 'google::protobuf::DescriptorProto::extension_': class 'google::protobuf::RepeatedPtrField<google::protobuf::FieldDescriptorProto>' needs to have dll-interface to be used by clients of class 'google::protobuf::DescriptorProto'
C:\Users\user\dev\vcpkg\installed\x64-windows\include\google/protobuf/descriptor.pb.h(715): message : see declaration of 'google::protobuf::RepeatedPtrField<google::protobuf::FieldDescriptorProto>'
C:\Users\user\dev\vcpkg\installed\x64-windows\include\google/protobuf/descriptor.pb.h(1585,94): warning C4251: 'google::protobuf::DescriptorProto::oneof_decl_': class 'google::protobuf::RepeatedPtrField<google::protobuf::OneofDescriptorProto>' needs to have dll-interface to be used by clients of class 'google::protobuf::DescriptorProto'
C:\Users\user\dev\vcpkg\installed\x64-windows\include\google/protobuf/descriptor.pb.h(1482): message : see declaration of 'google::protobuf::RepeatedPtrField<google::protobuf::OneofDescriptorProto>'
C:\Users\user\dev\vcpkg\installed\x64-windows\include\google/protobuf/descriptor.pb.h(1586,103): warning C4251: 'google::protobuf::DescriptorProto::reserved_range_': class 'google::protobuf::RepeatedPtrField<google::protobuf::DescriptorProto_ReservedRange>' needs to have dll-interface to be used by clients of class 'google::protobuf::DescriptorProto'
C:\Users\user\dev\vcpkg\installed\x64-windows\include\google/protobuf/descriptor.pb.h(1500): message : see declaration of 'google::protobuf::RepeatedPtrField<google::protobuf::DescriptorProto_ReservedRange>'
C:\Users\user\dev\vcpkg\installed\x64-windows\include\google/protobuf/descriptor.pb.h(1587,58): warning C4251: 'google::protobuf::DescriptorProto::reserved_name_': class 'google::protobuf::RepeatedPtrField<std::string>' needs to have dll-interface to be used by clients of class 'google::protobuf::DescriptorProto'
C:\Users\user\dev\vcpkg\installed\x64-windows\include\google/protobuf/repeated_field.h(2140): message : see declaration of 'google::protobuf::RepeatedPtrField<std::string>'
C:\Users\user\dev\vcpkg\installed\x64-windows\include\google/protobuf/descriptor.pb.h(1939,93): warning C4251: 'google::protobuf::ExtensionRangeOptions::uninterpreted_option_': class 'google::protobuf::RepeatedPtrField<google::protobuf::UninterpretedOption>' needs to have dll-interface to be used by clients of class 'google::protobuf::ExtensionRangeOptions'
C:\Users\user\dev\vcpkg\installed\x64-windows\include\google/protobuf/descriptor.pb.h(1729): message : see declaration of 'google::protobuf::RepeatedPtrField<google::protobuf::UninterpretedOption>'
C:\Users\user\dev\vcpkg\installed\x64-windows\include\google/protobuf/descriptor.pb.h(2357,49): warning C4251: 'google::protobuf::FieldDescriptorProto::_has_bits_': class 'google::protobuf::internal::HasBits<1>' needs to have dll-interface to be used by clients of class 'google::protobuf::FieldDescriptorProto'
C:\Users\user\dev\vcpkg\installed\x64-windows\include\google/protobuf/has_bits.h(83): message : see declaration of 'google::protobuf::internal::HasBits<1>'
C:\Users\user\dev\vcpkg\installed\x64-windows\include\google/protobuf/descriptor.pb.h(2546,49): warning C4251: 'google::protobuf::OneofDescriptorProto::_has_bits_': class 'google::protobuf::internal::HasBits<1>' needs to have dll-interface to be used by clients of class 'google::protobuf::OneofDescriptorProto'
C:\Users\user\dev\vcpkg\installed\x64-windows\include\google/protobuf/has_bits.h(83): message : see declaration of 'google::protobuf::internal::HasBits<1>'
C:\Users\user\dev\vcpkg\installed\x64-windows\include\google/protobuf/descriptor.pb.h(2716,49): warning C4251: 'google::protobuf::EnumDescriptorProto_EnumReservedRange::_has_bits_': class 'google::protobuf::internal::HasBits<1>' needs to have dll-interface to be used by clients of class 'google::protobuf::EnumDescriptorProto_EnumReservedRange'
C:\Users\user\dev\vcpkg\installed\x64-windows\include\google/protobuf/has_bits.h(83): message : see declaration of 'google::protobuf::internal::HasBits<1>'
C:\Users\user\dev\vcpkg\installed\x64-windows\include\google/protobuf/descriptor.pb.h(2961,49): warning C4251: 'google::protobuf::EnumDescriptorProto::_has_bits_': class 'google::protobuf::internal::HasBits<1>' needs to have dll-interface to be used by clients of class 'google::protobuf::EnumDescriptorProto'
C:\Users\user\dev\vcpkg\installed\x64-windows\include\google/protobuf/has_bits.h(83): message : see declaration of 'google::protobuf::internal::HasBits<1>'
C:\Users\user\dev\vcpkg\installed\x64-windows\include\google/protobuf/descriptor.pb.h(2963,98): warning C4251: 'google::protobuf::EnumDescriptorProto::value_': class 'google::protobuf::RepeatedPtrField<google::protobuf::EnumValueDescriptorProto>' needs to have dll-interface to be used by clients of class 'google::protobuf::EnumDescriptorProto'
C:\Users\user\dev\vcpkg\installed\x64-windows\include\google/protobuf/descriptor.pb.h(2865): message : see declaration of 'google::protobuf::RepeatedPtrField<google::protobuf::EnumValueDescriptorProto>'
C:\Users\user\dev\vcpkg\installed\x64-windows\include\google/protobuf/descriptor.pb.h(2964,111): warning C4251: 'google::protobuf::EnumDescriptorProto::reserved_range_': class 'google::protobuf::RepeatedPtrField<google::protobuf::EnumDescriptorProto_EnumReservedRange>' needs to have dll-interface to be used by clients of class 'google::protobuf::EnumDescriptorProto'
C:\Users\user\dev\vcpkg\installed\x64-windows\include\google/protobuf/descriptor.pb.h(2883): message : see declaration of 'google::protobuf::RepeatedPtrField<google::protobuf::EnumDescriptorProto_EnumReservedRange>'
C:\Users\user\dev\vcpkg\installed\x64-windows\include\google/protobuf/descriptor.pb.h(2965,58): warning C4251: 'google::protobuf::EnumDescriptorProto::reserved_name_': class 'google::protobuf::RepeatedPtrField<std::string>' needs to have dll-interface to be used by clients of class 'google::protobuf::EnumDescriptorProto'
C:\Users\user\dev\vcpkg\installed\x64-windows\include\google/protobuf/repeated_field.h(2140): message : see declaration of 'google::protobuf::RepeatedPtrField<std::string>'
C:\Users\user\dev\vcpkg\installed\x64-windows\include\google/protobuf/descriptor.pb.h(3158,49): warning C4251: 'google::protobuf::EnumValueDescriptorProto::_has_bits_': class 'google::protobuf::internal::HasBits<1>' needs to have dll-interface to be used by clients of class 'google::protobuf::EnumValueDescriptorProto'
C:\Users\user\dev\vcpkg\installed\x64-windows\include\google/protobuf/has_bits.h(83): message : see declaration of 'google::protobuf::internal::HasBits<1>'
C:\Users\user\dev\vcpkg\installed\x64-windows\include\google/protobuf/descriptor.pb.h(3358,49): warning C4251: 'google::protobuf::ServiceDescriptorProto::_has_bits_': class 'google::protobuf::internal::HasBits<1>' needs to have dll-interface to be used by clients of class 'google::protobuf::ServiceDescriptorProto'
C:\Users\user\dev\vcpkg\installed\x64-windows\include\google/protobuf/has_bits.h(83): message : see declaration of 'google::protobuf::internal::HasBits<1>'
C:\Users\user\dev\vcpkg\installed\x64-windows\include\google/protobuf/descriptor.pb.h(3360,95): warning C4251: 'google::protobuf::ServiceDescriptorProto::method_': class 'google::protobuf::RepeatedPtrField<google::protobuf::MethodDescriptorProto>' needs to have dll-interface to be used by clients of class 'google::protobuf::ServiceDescriptorProto'
C:\Users\user\dev\vcpkg\installed\x64-windows\include\google/protobuf/descriptor.pb.h(3304): message : see declaration of 'google::protobuf::RepeatedPtrField<google::protobuf::MethodDescriptorProto>'
C:\Users\user\dev\vcpkg\installed\x64-windows\include\google/protobuf/descriptor.pb.h(3605,49): warning C4251: 'google::protobuf::MethodDescriptorProto::_has_bits_': class 'google::protobuf::internal::HasBits<1>' needs to have dll-interface to be used by clients of class 'google::protobuf::MethodDescriptorProto'
C:\Users\user\dev\vcpkg\installed\x64-windows\include\google/protobuf/has_bits.h(83): message : see declaration of 'google::protobuf::internal::HasBits<1>'
C:\Users\user\dev\vcpkg\installed\x64-windows\include\google/protobuf/descriptor.pb.h(4324,49): warning C4251: 'google::protobuf::FileOptions::_has_bits_': class 'google::protobuf::internal::HasBits<1>' needs to have dll-interface to be used by clients of class 'google::protobuf::FileOptions'
C:\Users\user\dev\vcpkg\installed\x64-windows\include\google/protobuf/has_bits.h(83): message : see declaration of 'google::protobuf::internal::HasBits<1>'
C:\Users\user\dev\vcpkg\installed\x64-windows\include\google/protobuf/descriptor.pb.h(4326,93): warning C4251: 'google::protobuf::FileOptions::uninterpreted_option_': class 'google::protobuf::RepeatedPtrField<google::protobuf::UninterpretedOption>' needs to have dll-interface to be used by clients of class 'google::protobuf::FileOptions'
C:\Users\user\dev\vcpkg\installed\x64-windows\include\google/protobuf/descriptor.pb.h(1729): message : see declaration of 'google::protobuf::RepeatedPtrField<google::protobuf::UninterpretedOption>'
C:\Users\user\dev\vcpkg\installed\x64-windows\include\google/protobuf/descriptor.pb.h(4752,49): warning C4251: 'google::protobuf::MessageOptions::_has_bits_': class 'google::protobuf::internal::HasBits<1>' needs to have dll-interface to be used by clients of class 'google::protobuf::MessageOptions'
C:\Users\user\dev\vcpkg\installed\x64-windows\include\google/protobuf/has_bits.h(83): message : see declaration of 'google::protobuf::internal::HasBits<1>'
C:\Users\user\dev\vcpkg\installed\x64-windows\include\google/protobuf/descriptor.pb.h(4754,93): warning C4251: 'google::protobuf::MessageOptions::uninterpreted_option_': class 'google::protobuf::RepeatedPtrField<google::protobuf::UninterpretedOption>' needs to have dll-interface to be used by clients of class 'google::protobuf::MessageOptions'
C:\Users\user\dev\vcpkg\installed\x64-windows\include\google/protobuf/descriptor.pb.h(1729): message : see declaration of 'google::protobuf::RepeatedPtrField<google::protobuf::UninterpretedOption>'
C:\Users\user\dev\vcpkg\installed\x64-windows\include\google/protobuf/descriptor.pb.h(5256,49): warning C4251: 'google::protobuf::FieldOptions::_has_bits_': class 'google::protobuf::internal::HasBits<1>' needs to have dll-interface to be used by clients of class 'google::protobuf::FieldOptions'
C:\Users\user\dev\vcpkg\installed\x64-windows\include\google/protobuf/has_bits.h(83): message : see declaration of 'google::protobuf::internal::HasBits<1>'
C:\Users\user\dev\vcpkg\installed\x64-windows\include\google/protobuf/descriptor.pb.h(5258,93): warning C4251: 'google::protobuf::FieldOptions::uninterpreted_option_': class 'google::protobuf::RepeatedPtrField<google::protobuf::UninterpretedOption>' needs to have dll-interface to be used by clients of class 'google::protobuf::FieldOptions'
C:\Users\user\dev\vcpkg\installed\x64-windows\include\google/protobuf/descriptor.pb.h(1729): message : see declaration of 'google::protobuf::RepeatedPtrField<google::protobuf::UninterpretedOption>'
C:\Users\user\dev\vcpkg\installed\x64-windows\include\google/protobuf/descriptor.pb.h(5614,93): warning C4251: 'google::protobuf::OneofOptions::uninterpreted_option_': class 'google::protobuf::RepeatedPtrField<google::protobuf::UninterpretedOption>' needs to have dll-interface to be used by clients of class 'google::protobuf::OneofOptions'
C:\Users\user\dev\vcpkg\installed\x64-windows\include\google/protobuf/descriptor.pb.h(1729): message : see declaration of 'google::protobuf::RepeatedPtrField<google::protobuf::UninterpretedOption>'
C:\Users\user\dev\vcpkg\installed\x64-windows\include\google/protobuf/descriptor.pb.h(5993,49): warning C4251: 'google::protobuf::EnumOptions::_has_bits_': class 'google::protobuf::internal::HasBits<1>' needs to have dll-interface to be used by clients of class 'google::protobuf::EnumOptions'
C:\Users\user\dev\vcpkg\installed\x64-windows\include\google/protobuf/has_bits.h(83): message : see declaration of 'google::protobuf::internal::HasBits<1>'
C:\Users\user\dev\vcpkg\installed\x64-windows\include\google/protobuf/descriptor.pb.h(5995,93): warning C4251: 'google::protobuf::EnumOptions::uninterpreted_option_': class 'google::protobuf::RepeatedPtrField<google::protobuf::UninterpretedOption>' needs to have dll-interface to be used by clients of class 'google::protobuf::EnumOptions'
C:\Users\user\dev\vcpkg\installed\x64-windows\include\google/protobuf/descriptor.pb.h(1729): message : see declaration of 'google::protobuf::RepeatedPtrField<google::protobuf::UninterpretedOption>'
C:\Users\user\dev\vcpkg\installed\x64-windows\include\google/protobuf/descriptor.pb.h(6361,49): warning C4251: 'google::protobuf::EnumValueOptions::_has_bits_': class 'google::protobuf::internal::HasBits<1>' needs to have dll-interface to be used by clients of class 'google::protobuf::EnumValueOptions'
C:\Users\user\dev\vcpkg\installed\x64-windows\include\google/protobuf/has_bits.h(83): message : see declaration of 'google::protobuf::internal::HasBits<1>'
C:\Users\user\dev\vcpkg\installed\x64-windows\include\google/protobuf/descriptor.pb.h(6363,93): warning C4251: 'google::protobuf::EnumValueOptions::uninterpreted_option_': class 'google::protobuf::RepeatedPtrField<google::protobuf::UninterpretedOption>' needs to have dll-interface to be used by clients of class 'google::protobuf::EnumValueOptions'
C:\Users\user\dev\vcpkg\installed\x64-windows\include\google/protobuf/descriptor.pb.h(1729): message : see declaration of 'google::protobuf::RepeatedPtrField<google::protobuf::UninterpretedOption>'
C:\Users\user\dev\vcpkg\installed\x64-windows\include\google/protobuf/descriptor.pb.h(6728,49): warning C4251: 'google::protobuf::ServiceOptions::_has_bits_': class 'google::protobuf::internal::HasBits<1>' needs to have dll-interface to be used by clients of class 'google::protobuf::ServiceOptions'
C:\Users\user\dev\vcpkg\installed\x64-windows\include\google/protobuf/has_bits.h(83): message : see declaration of 'google::protobuf::internal::HasBits<1>'
C:\Users\user\dev\vcpkg\installed\x64-windows\include\google/protobuf/descriptor.pb.h(6730,93): warning C4251: 'google::protobuf::ServiceOptions::uninterpreted_option_': class 'google::protobuf::RepeatedPtrField<google::protobuf::UninterpretedOption>' needs to have dll-interface to be used by clients of class 'google::protobuf::ServiceOptions'
C:\Users\user\dev\vcpkg\installed\x64-windows\include\google/protobuf/descriptor.pb.h(1729): message : see declaration of 'google::protobuf::RepeatedPtrField<google::protobuf::UninterpretedOption>'
C:\Users\user\dev\vcpkg\installed\x64-windows\include\google/protobuf/descriptor.pb.h(7141,49): warning C4251: 'google::protobuf::MethodOptions::_has_bits_': class 'google::protobuf::internal::HasBits<1>' needs to have dll-interface to be used by clients of class 'google::protobuf::MethodOptions'
C:\Users\user\dev\vcpkg\installed\x64-windows\include\google/protobuf/has_bits.h(83): message : see declaration of 'google::protobuf::internal::HasBits<1>'
C:\Users\user\dev\vcpkg\installed\x64-windows\include\google/protobuf/descriptor.pb.h(7143,93): warning C4251: 'google::protobuf::MethodOptions::uninterpreted_option_': class 'google::protobuf::RepeatedPtrField<google::protobuf::UninterpretedOption>' needs to have dll-interface to be used by clients of class 'google::protobuf::MethodOptions'
C:\Users\user\dev\vcpkg\installed\x64-windows\include\google/protobuf/descriptor.pb.h(1729): message : see declaration of 'google::protobuf::RepeatedPtrField<google::protobuf::UninterpretedOption>'
C:\Users\user\dev\vcpkg\installed\x64-windows\include\google/protobuf/descriptor.pb.h(7320,49): warning C4251: 'google::protobuf::UninterpretedOption_NamePart::_has_bits_': class 'google::protobuf::internal::HasBits<1>' needs to have dll-interface to be used by clients of class 'google::protobuf::UninterpretedOption_NamePart'
C:\Users\user\dev\vcpkg\installed\x64-windows\include\google/protobuf/has_bits.h(83): message : see declaration of 'google::protobuf::internal::HasBits<1>'
C:\Users\user\dev\vcpkg\installed\x64-windows\include\google/protobuf/descriptor.pb.h(7582,49): warning C4251: 'google::protobuf::UninterpretedOption::_has_bits_': class 'google::protobuf::internal::HasBits<1>' needs to have dll-interface to be used by clients of class 'google::protobuf::UninterpretedOption'
C:\Users\user\dev\vcpkg\installed\x64-windows\include\google/protobuf/has_bits.h(83): message : see declaration of 'google::protobuf::internal::HasBits<1>'
C:\Users\user\dev\vcpkg\installed\x64-windows\include\google/protobuf/descriptor.pb.h(7584,102): warning C4251: 'google::protobuf::UninterpretedOption::name_': class 'google::protobuf::RepeatedPtrField<google::protobuf::UninterpretedOption_NamePart>' needs to have dll-interface to be used by clients of class 'google::protobuf::UninterpretedOption'
C:\Users\user\dev\vcpkg\installed\x64-windows\include\google/protobuf/descriptor.pb.h(7471): message : see declaration of 'google::protobuf::RepeatedPtrField<google::protobuf::UninterpretedOption_NamePart>'
C:\Users\user\dev\vcpkg\installed\x64-windows\include\google/protobuf/descriptor.pb.h(7838,49): warning C4251: 'google::protobuf::SourceCodeInfo_Location::_has_bits_': class 'google::protobuf::internal::HasBits<1>' needs to have dll-interface to be used by clients of class 'google::protobuf::SourceCodeInfo_Location'
C:\Users\user\dev\vcpkg\installed\x64-windows\include\google/protobuf/has_bits.h(83): message : see declaration of 'google::protobuf::internal::HasBits<1>'
C:\Users\user\dev\vcpkg\installed\x64-windows\include\google/protobuf/descriptor.pb.h(7840,76): warning C4251: 'google::protobuf::SourceCodeInfo_Location::path_': class 'google::protobuf::RepeatedField<int32_t>' needs to have dll-interface to be used by clients of class 'google::protobuf::SourceCodeInfo_Location'
C:\Users\user\dev\vcpkg\installed\x64-windows\include\google/protobuf/repeated_field.h(2936): message : see declaration of 'google::protobuf::RepeatedField<int32_t>'
C:\Users\user\dev\vcpkg\installed\x64-windows\include\google/protobuf/descriptor.pb.h(7841,28): warning C4251: 'google::protobuf::SourceCodeInfo_Location::_path_cached_byte_size_': struct 'std::atomic<int>' needs to have dll-interface to be used by clients of class 'google::protobuf::SourceCodeInfo_Location'
C:\Program Files (x86)\Microsoft Visual Studio\2019\Community\VC\Tools\MSVC\14.29.30133\include\atomic(2866): message : see declaration of 'std::atomic<int>'
C:\Users\user\dev\vcpkg\installed\x64-windows\include\google/protobuf/descriptor.pb.h(7842,76): warning C4251: 'google::protobuf::SourceCodeInfo_Location::span_': class 'google::protobuf::RepeatedField<int32_t>' needs to have dll-interface to be used by clients of class 'google::protobuf::SourceCodeInfo_Location'
C:\Users\user\dev\vcpkg\installed\x64-windows\include\google/protobuf/repeated_field.h(2936): message : see declaration of 'google::protobuf::RepeatedField<int32_t>'
C:\Users\user\dev\vcpkg\installed\x64-windows\include\google/protobuf/descriptor.pb.h(7843,28): warning C4251: 'google::protobuf::SourceCodeInfo_Location::_span_cached_byte_size_': struct 'std::atomic<int>' needs to have dll-interface to be used by clients of class 'google::protobuf::SourceCodeInfo_Location'
C:\Program Files (x86)\Microsoft Visual Studio\2019\Community\VC\Tools\MSVC\14.29.30133\include\atomic(2866): message : see declaration of 'std::atomic<int>'
C:\Users\user\dev\vcpkg\installed\x64-windows\include\google/protobuf/descriptor.pb.h(7844,58): warning C4251: 'google::protobuf::SourceCodeInfo_Location::leading_detached_comments_': class 'google::protobuf::RepeatedPtrField<std::string>' needs to have dll-interface to be used by clients of class 'google::protobuf::SourceCodeInfo_Location'
C:\Users\user\dev\vcpkg\installed\x64-windows\include\google/protobuf/repeated_field.h(2140): message : see declaration of 'google::protobuf::RepeatedPtrField<std::string>'
C:\Users\user\dev\vcpkg\installed\x64-windows\include\google/protobuf/descriptor.pb.h(8006,97): warning C4251: 'google::protobuf::SourceCodeInfo::location_': class 'google::protobuf::RepeatedPtrField<google::protobuf::SourceCodeInfo_Location>' needs to have dll-interface to be used by clients of class 'google::protobuf::SourceCodeInfo'
C:\Users\user\dev\vcpkg\installed\x64-windows\include\google/protobuf/descriptor.pb.h(7988): message : see declaration of 'google::protobuf::RepeatedPtrField<google::protobuf::SourceCodeInfo_Location>'
C:\Users\user\dev\vcpkg\installed\x64-windows\include\google/protobuf/descriptor.pb.h(8216,49): warning C4251: 'google::protobuf::GeneratedCodeInfo_Annotation::_has_bits_': class 'google::protobuf::internal::HasBits<1>' needs to have dll-interface to be used by clients of class 'google::protobuf::GeneratedCodeInfo_Annotation'
C:\Users\user\dev\vcpkg\installed\x64-windows\include\google/protobuf/has_bits.h(83): message : see declaration of 'google::protobuf::internal::HasBits<1>'
C:\Users\user\dev\vcpkg\installed\x64-windows\include\google/protobuf/descriptor.pb.h(8218,76): warning C4251: 'google::protobuf::GeneratedCodeInfo_Annotation::path_': class 'google::protobuf::RepeatedField<int32_t>' needs to have dll-interface to be used by clients of class 'google::protobuf::GeneratedCodeInfo_Annotation'
C:\Users\user\dev\vcpkg\installed\x64-windows\include\google/protobuf/repeated_field.h(2936): message : see declaration of 'google::protobuf::RepeatedField<int32_t>'
C:\Users\user\dev\vcpkg\installed\x64-windows\include\google/protobuf/descriptor.pb.h(8219,28): warning C4251: 'google::protobuf::GeneratedCodeInfo_Annotation::_path_cached_byte_size_': struct 'std::atomic<int>' needs to have dll-interface to be used by clients of class 'google::protobuf::GeneratedCodeInfo_Annotation'
C:\Program Files (x86)\Microsoft Visual Studio\2019\Community\VC\Tools\MSVC\14.29.30133\include\atomic(2866): message : see declaration of 'std::atomic<int>'
C:\Users\user\dev\vcpkg\installed\x64-windows\include\google/protobuf/descriptor.pb.h(8382,102): warning C4251: 'google::protobuf::GeneratedCodeInfo::annotation_': class 'google::protobuf::RepeatedPtrField<google::protobuf::GeneratedCodeInfo_Annotation>' needs to have dll-interface to be used by clients of class 'google::protobuf::GeneratedCodeInfo'
C:\Users\user\dev\vcpkg\installed\x64-windows\include\google/protobuf/descriptor.pb.h(8364): message : see declaration of 'google::protobuf::RepeatedPtrField<google::protobuf::GeneratedCodeInfo_Annotation>'
C:\Users\user\dev\vcpkg\installed\x64-windows\include\google/protobuf/descriptor_database.h(268,47): warning C4251: 'google::protobuf::SimpleDescriptorDatabase::index_': class 'google::protobuf::SimpleDescriptorDatabase::DescriptorIndex<const google::protobuf::FileDescriptorProto *>' needs to have dll-interface to be used by clients of class 'google::protobuf::SimpleDescriptorDatabase'
C:\Users\user\dev\vcpkg\installed\x64-windows\include\google/protobuf/descriptor_database.h(268): message : see declaration of 'google::protobuf::SimpleDescriptorDatabase::DescriptorIndex<const google::protobuf::FileDescriptorProto *>'
C:\Users\user\dev\vcpkg\installed\x64-windows\include\google/protobuf/descriptor_database.h(269,59): warning C4251: 'google::protobuf::SimpleDescriptorDatabase::files_to_delete_': class 'std::vector<std::unique_ptr<const google::protobuf::FileDescriptorProto,std::default_delete<const google::protobuf::FileDescriptorProto>>,std::allocator<std::unique_ptr<const google::protobuf::FileDescriptorProto,std::default_delete<const google::protobuf::FileDescriptorProto>>>>' needs to have dll-interface to be used by clients of class 'google::protobuf::SimpleDescriptorDatabase'
C:\Users\user\dev\vcpkg\installed\x64-windows\include\google/protobuf/descriptor_database.h(269): message : see declaration of 'std::vector<std::unique_ptr<const google::protobuf::FileDescriptorProto,std::default_delete<const google::protobuf::FileDescriptorProto>>,std::allocator<std::unique_ptr<const google::protobuf::FileDescriptorProto,std::default_delete<const google::protobuf::FileDescriptorProto>>>>'
C:\Users\user\dev\vcpkg\installed\x64-windows\include\google/protobuf/descriptor_database.h(320,36): warning C4251: 'google::protobuf::EncodedDescriptorDatabase::index_': class 'std::unique_ptr<google::protobuf::EncodedDescriptorDatabase::DescriptorIndex,std::default_delete<google::protobuf::EncodedDescriptorDatabase::DescriptorIndex>>' needs to have dll-interface to be used by clients of class 'google::protobuf::EncodedDescriptorDatabase'
C:\Users\user\dev\vcpkg\installed\x64-windows\include\google/protobuf/descriptor_database.h(320): message : see declaration of 'std::unique_ptr<google::protobuf::EncodedDescriptorDatabase::DescriptorIndex,std::default_delete<google::protobuf::EncodedDescriptorDatabase::DescriptorIndex>>'
C:\Users\user\dev\vcpkg\installed\x64-windows\include\google/protobuf/descriptor_database.h(321,22): warning C4251: 'google::protobuf::EncodedDescriptorDatabase::files_to_delete_': class 'std::vector<void *,std::allocator<void *>>' needs to have dll-interface to be used by clients of class 'google::protobuf::EncodedDescriptorDatabase'
C:\Users\user\dev\vcpkg\installed\x64-windows\include\google/protobuf/descriptor_database.h(321): message : see declaration of 'std::vector<void *,std::allocator<void *>>'
C:\Users\user\dev\vcpkg\installed\x64-windows\include\google/protobuf/descriptor_database.h(382,36): warning C4251: 'google::protobuf::MergedDescriptorDatabase::sources_': class 'std::vector<google::protobuf::DescriptorDatabase *,std::allocator<google::protobuf::DescriptorDatabase *>>' needs to have dll-interface to be used by clients of class 'google::protobuf::MergedDescriptorDatabase'
C:\Users\user\dev\vcpkg\installed\x64-windows\include\google/protobuf/descriptor_database.h(364): message : see declaration of 'std::vector<google::protobuf::DescriptorDatabase *,std::allocator<google::protobuf::DescriptorDatabase *>>'
C:\Users\user\dev\vcpkg\installed\x64-windows\include\google/protobuf/any.pb.h(47,76): warning C4251: 'TableStruct_google_2fprotobuf_2fany_2eproto::aux': union 'google::protobuf::internal::AuxiliaryParseTableField' needs to have dll-interface to be used by clients of struct 'TableStruct_google_2fprotobuf_2fany_2eproto'
C:\Users\user\dev\vcpkg\installed\x64-windows\include\google/protobuf/generated_message_table_driven.h(141): message : see declaration of 'google::protobuf::internal::AuxiliaryParseTableField'
C:\Users\user\dev\vcpkg\installed\x64-windows\include\google/protobuf/source_context.pb.h(47,76): warning C4251: 'TableStruct_google_2fprotobuf_2fsource_5fcontext_2eproto::aux': union 'google::protobuf::internal::AuxiliaryParseTableField' needs to have dll-interface to be used by clients of struct 'TableStruct_google_2fprotobuf_2fsource_5fcontext_2eproto'
C:\Users\user\dev\vcpkg\installed\x64-windows\include\google/protobuf/generated_message_table_driven.h(141): message : see declaration of 'google::protobuf::internal::AuxiliaryParseTableField'
C:\Users\user\dev\vcpkg\installed\x64-windows\include\google/protobuf/type.pb.h(50,76): warning C4251: 'TableStruct_google_2fprotobuf_2ftype_2eproto::aux': union 'google::protobuf::internal::AuxiliaryParseTableField' needs to have dll-interface to be used by clients of struct 'TableStruct_google_2fprotobuf_2ftype_2eproto'
C:\Users\user\dev\vcpkg\installed\x64-windows\include\google/protobuf/generated_message_table_driven.h(141): message : see declaration of 'google::protobuf::internal::AuxiliaryParseTableField'
C:\Users\user\dev\vcpkg\installed\x64-windows\include\google/protobuf/type.pb.h(415,79): warning C4251: 'google::protobuf::Type::fields_': class 'google::protobuf::RepeatedPtrField<google::protobuf::Field>' needs to have dll-interface to be used by clients of class 'google::protobuf::Type'
C:\Users\user\dev\vcpkg\installed\x64-windows\include\google/protobuf/type.pb.h(314): message : see declaration of 'google::protobuf::RepeatedPtrField<google::protobuf::Field>'
C:\Users\user\dev\vcpkg\installed\x64-windows\include\google/protobuf/type.pb.h(416,58): warning C4251: 'google::protobuf::Type::oneofs_': class 'google::protobuf::RepeatedPtrField<std::string>' needs to have dll-interface to be used by clients of class 'google::protobuf::Type'
C:\Users\user\dev\vcpkg\installed\x64-windows\include\google/protobuf/repeated_field.h(2140): message : see declaration of 'google::protobuf::RepeatedPtrField<std::string>'
C:\Users\user\dev\vcpkg\installed\x64-windows\include\google/protobuf/type.pb.h(417,80): warning C4251: 'google::protobuf::Type::options_': class 'google::protobuf::RepeatedPtrField<google::protobuf::Option>' needs to have dll-interface to be used by clients of class 'google::protobuf::Type'
C:\Users\user\dev\vcpkg\installed\x64-windows\include\google/protobuf/type.pb.h(356): message : see declaration of 'google::protobuf::RepeatedPtrField<google::protobuf::Option>'
C:\Users\user\dev\vcpkg\installed\x64-windows\include\google/protobuf/type.pb.h(780,80): warning C4251: 'google::protobuf::Field::options_': class 'google::protobuf::RepeatedPtrField<google::protobuf::Option>' needs to have dll-interface to be used by clients of class 'google::protobuf::Field'
C:\Users\user\dev\vcpkg\installed\x64-windows\include\google/protobuf/type.pb.h(356): message : see declaration of 'google::protobuf::RepeatedPtrField<google::protobuf::Option>'
C:\Users\user\dev\vcpkg\installed\x64-windows\include\google/protobuf/type.pb.h(1004,83): warning C4251: 'google::protobuf::Enum::enumvalue_': class 'google::protobuf::RepeatedPtrField<google::protobuf::EnumValue>' needs to have dll-interface to be used by clients of class 'google::protobuf::Enum'
C:\Users\user\dev\vcpkg\installed\x64-windows\include\google/protobuf/type.pb.h(927): message : see declaration of 'google::protobuf::RepeatedPtrField<google::protobuf::EnumValue>'
C:\Users\user\dev\vcpkg\installed\x64-windows\include\google/protobuf/type.pb.h(1005,80): warning C4251: 'google::protobuf::Enum::options_': class 'google::protobuf::RepeatedPtrField<google::protobuf::Option>' needs to have dll-interface to be used by clients of class 'google::protobuf::Enum'
C:\Users\user\dev\vcpkg\installed\x64-windows\include\google/protobuf/type.pb.h(356): message : see declaration of 'google::protobuf::RepeatedPtrField<google::protobuf::Option>'
C:\Users\user\dev\vcpkg\installed\x64-windows\include\google/protobuf/type.pb.h(1185,80): warning C4251: 'google::protobuf::EnumValue::options_': class 'google::protobuf::RepeatedPtrField<google::protobuf::Option>' needs to have dll-interface to be used by clients of class 'google::protobuf::EnumValue'
C:\Users\user\dev\vcpkg\installed\x64-windows\include\google/protobuf/type.pb.h(356): message : see declaration of 'google::protobuf::RepeatedPtrField<google::protobuf::Option>'
C:\Users\user\TestPixelPlex\src\client.cpp(94,26): error C2679: binary '>>': no operator found which takes a right-hand operand of type 'const char [2]' (or there is no acceptable conversion)
C:\Program Files (x86)\Microsoft Visual Studio\2019\Community\VC\Tools\MSVC\14.29.30133\include\istream(301,39): message : could be 'std::basic_istream<char,std::char_traits<char>> &std::basic_istream<char,std::char_traits<char>>::operator >>(std::basic_streambuf<char,std::char_traits<char>> *)'
C:\Program Files (x86)\Microsoft Visual Studio\2019\Community\VC\Tools\MSVC\14.29.30133\include\istream(297,39): message : or       'std::basic_istream<char,std::char_traits<char>> &std::basic_istream<char,std::char_traits<char>>::operator >>(void *&)'
C:\Program Files (x86)\Microsoft Visual Studio\2019\Community\VC\Tools\MSVC\14.29.30133\include\istream(293,39): message : or       'std::basic_istream<char,std::char_traits<char>> &std::basic_istream<char,std::char_traits<char>>::operator >>(long double &)'
C:\Program Files (x86)\Microsoft Visual Studio\2019\Community\VC\Tools\MSVC\14.29.30133\include\istream(289,39): message : or       'std::basic_istream<char,std::char_traits<char>> &std::basic_istream<char,std::char_traits<char>>::operator >>(double &)'
C:\Program Files (x86)\Microsoft Visual Studio\2019\Community\VC\Tools\MSVC\14.29.30133\include\istream(285,39): message : or       'std::basic_istream<char,std::char_traits<char>> &std::basic_istream<char,std::char_traits<char>>::operator >>(float &)'
C:\Program Files (x86)\Microsoft Visual Studio\2019\Community\VC\Tools\MSVC\14.29.30133\include\istream(281,39): message : or       'std::basic_istream<char,std::char_traits<char>> &std::basic_istream<char,std::char_traits<char>>::operator >>(unsigned __int64 &)'
C:\Program Files (x86)\Microsoft Visual Studio\2019\Community\VC\Tools\MSVC\14.29.30133\include\istream(277,39): message : or       'std::basic_istream<char,std::char_traits<char>> &std::basic_istream<char,std::char_traits<char>>::operator >>(__int64 &)'
C:\Program Files (x86)\Microsoft Visual Studio\2019\Community\VC\Tools\MSVC\14.29.30133\include\istream(273,39): message : or       'std::basic_istream<char,std::char_traits<char>> &std::basic_istream<char,std::char_traits<char>>::operator >>(unsigned long &)'
C:\Program Files (x86)\Microsoft Visual Studio\2019\Community\VC\Tools\MSVC\14.29.30133\include\istream(269,39): message : or       'std::basic_istream<char,std::char_traits<char>> &std::basic_istream<char,std::char_traits<char>>::operator >>(long &)'
C:\Program Files (x86)\Microsoft Visual Studio\2019\Community\VC\Tools\MSVC\14.29.30133\include\istream(265,39): message : or       'std::basic_istream<char,std::char_traits<char>> &std::basic_istream<char,std::char_traits<char>>::operator >>(unsigned int &)'
C:\Program Files (x86)\Microsoft Visual Studio\2019\Community\VC\Tools\MSVC\14.29.30133\include\istream(257,39): message : or       'std::basic_istream<char,std::char_traits<char>> &std::basic_istream<char,std::char_traits<char>>::operator >>(int &)'
C:\Program Files (x86)\Microsoft Visual Studio\2019\Community\VC\Tools\MSVC\14.29.30133\include\istream(253,39): message : or       'std::basic_istream<char,std::char_traits<char>> &std::basic_istream<char,std::char_traits<char>>::operator >>(unsigned short &)'
C:\Program Files (x86)\Microsoft Visual Studio\2019\Community\VC\Tools\MSVC\14.29.30133\include\istream(221,39): message : or       'std::basic_istream<char,std::char_traits<char>> &std::basic_istream<char,std::char_traits<char>>::operator >>(short &)'
C:\Program Files (x86)\Microsoft Visual Studio\2019\Community\VC\Tools\MSVC\14.29.30133\include\istream(217,39): message : or       'std::basic_istream<char,std::char_traits<char>> &std::basic_istream<char,std::char_traits<char>>::operator >>(bool &)'
C:\Program Files (x86)\Microsoft Visual Studio\2019\Community\VC\Tools\MSVC\14.29.30133\include\istream(188,39): message : or       'std::basic_istream<char,std::char_traits<char>> &std::basic_istream<char,std::char_traits<char>>::operator >>(std::ios_base &(__cdecl *)(std::ios_base &))'
C:\Program Files (x86)\Microsoft Visual Studio\2019\Community\VC\Tools\MSVC\14.29.30133\include\istream(183,39): message : or       'std::basic_istream<char,std::char_traits<char>> &std::basic_istream<char,std::char_traits<char>>::operator >>(std::basic_ios<char,std::char_traits<char>> &(__cdecl *)(std::basic_ios<char,std::char_traits<char>> &))'
C:\Program Files (x86)\Microsoft Visual Studio\2019\Community\VC\Tools\MSVC\14.29.30133\include\istream(178,39): message : or       'std::basic_istream<char,std::char_traits<char>> &std::basic_istream<char,std::char_traits<char>>::operator >>(std::basic_istream<char,std::char_traits<char>> &(__cdecl *)(std::basic_istream<char,std::char_traits<char>> &))'
C:\Users\user\TestPixelPlex\src\client.cpp(94,26): message : while trying to match the argument list '(std::basic_istream<char,std::char_traits<char>>, const char [2])'
